<?xml version="1.0" encoding="UTF-8"?>
<!-- Generated by org.testng.reporters.JUnitReportReporter -->
<testsuite hostname="DESKTOP-VU86HJB" failures="0" tests="3" name="com.cicd.testdemo.AutomationTalkDemo" time="191.148" errors="0" timestamp="2024-11-30T10:58:26 IST" skipped="0">
  <testcase classname="com.cicd.testdemo.AutomationTalkDemo" name="Test2" time="65.203"/>
  <system-out/>
  <testcase classname="com.cicd.testdemo.AutomationTalkDemo" name="Test3" time="63.037"/>
  <system-out/>
  <testcase classname="com.cicd.testdemo.AutomationTalkDemo" name="Test1" time="62.908"/>
  <system-out/>
</testsuite> <!-- com.cicd.testdemo.AutomationTalkDemo -->
