<?xml version="1.0" encoding="UTF-8"?>
<!-- Generated by org.testng.reporters.JUnitReportReporter -->
<testsuite hostname="DESKTOP-VU86HJB" failures="0" tests="3" name="com.cicd.testdemo.AutomationTalkDemo" time="194.396" errors="0" timestamp="2024-12-06T22:15:53 IST" skipped="0">
  <testcase classname="com.cicd.testdemo.AutomationTalkDemo" name="Test3" time="65.783"/>
  <system-out/>
  <testcase classname="com.cicd.testdemo.AutomationTalkDemo" name="Test2" time="63.849"/>
  <system-out/>
  <testcase classname="com.cicd.testdemo.AutomationTalkDemo" name="Test1" time="64.764"/>
  <system-out/>
</testsuite> <!-- com.cicd.testdemo.AutomationTalkDemo -->
