<?xml version="1.0" encoding="UTF-8"?>
<!-- Generated by org.testng.reporters.JUnitReportReporter -->
<testsuite hostname="DESKTOP-VU86HJB" failures="0" tests="3" name="com.cicd.testdemo.AutomationTalkDemo" time="192.757" errors="0" timestamp="2024-11-30T11:14:25 IST" skipped="0">
  <testcase classname="com.cicd.testdemo.AutomationTalkDemo" name="Test1" time="64.534"/>
  <system-out/>
  <testcase classname="com.cicd.testdemo.AutomationTalkDemo" name="Test2" time="62.674"/>
  <system-out/>
  <testcase classname="com.cicd.testdemo.AutomationTalkDemo" name="Test3" time="65.549"/>
  <system-out/>
</testsuite> <!-- com.cicd.testdemo.AutomationTalkDemo -->
