<?xml version="1.0" encoding="UTF-8"?>
<!-- Generated by org.testng.reporters.JUnitReportReporter -->
<testsuite hostname="DESKTOP-VU86HJB" failures="0" tests="3" name="com.cicd.testdemo.AutomationTalkDemo" time="221.044" errors="0" timestamp="2024-12-06T23:48:52 IST" skipped="0">
  <testcase classname="com.cicd.testdemo.AutomationTalkDemo" name="Test1" time="62.846"/>
  <system-out/>
  <testcase classname="com.cicd.testdemo.AutomationTalkDemo" name="Test2" time="94.439"/>
  <system-out/>
  <testcase classname="com.cicd.testdemo.AutomationTalkDemo" name="Test3" time="63.759"/>
  <system-out/>
</testsuite> <!-- com.cicd.testdemo.AutomationTalkDemo -->
